<?xml version="1.0" encoding="UTF-8"?>
<!-- Generated by org.testng.reporters.JUnitXMLReporter -->
<testsuite hostname="DESKTOP-RL2OCF9" name="Default test" tests="3" failures="0" timestamp="29 Dec 2018 07:11:22 GMT" time="18.772" errors="0">
  <testcase name="Aclickyi" time="5.702" classname="jianpanshijian.YingHang"/>
  <testcase name="Bclickyi" time="6.289" classname="jianpanshijian.YingHang"/>
  <testcase name="Cclickyi" time="0.52" classname="jianpanshijian.YingHang"/>
</testsuite> <!-- Default test -->
